0 True
1 True
2 True
0 True
0 True
0 True
0 True
1 True
0 True
0 True
1 True
0 True
0 True
1 True
2 True
0 True
1 True
2 True
3 True
0 False
0 False
1 False
0 False
0 False
0 False
0 False
0 False
0 False
1 False
2 False
3 False
0 False
0 False
0 False
0 False
0 False
0 False
1 False
2 False
3 False
4 False
5 False
0 False
0 False
1 False
2 False
0 False
0 False
0 False
1 False
2 False
0 False
1 False
2 False
3 False
0 False
1 False
0 False
0 False
1 False
0 False
0 False
1 False
2 False
0 False
0 False
1 False
0 False
1 False
2 False
3 False
4 False
5 False
0 False
0 False
0 False
1 False
2 False
0 False
0 False
0 False
0 False
1 False
0 False
1 False
0 False
1 False
2 False
3 False
0 False
0 False
1 False
2 False
3 False
0 False
0 False
1 False
0 False
0 False
0 False
1 False
2 False
3 False
0 False
0 False
0 False
0 False
1 False
2 False
0 False
1 False
0 False
0 False
1 False
0 False
0 False
1 False
2 False
0 False
0 False
1 False
0 False
0 False
1 False
0 False
0 False
1 False
2 False
3 False
0 False
0 False
0 False
0 False
1 False
0 False
1 False
0 False
1 False
0 False
1 False
0 False
1 False
2 False
3 False
4 False
0 False
0 False
0 False
1 False
2 False
3 False
4 False
0 False
0 False
1 False
0 False
0 False
0 False
0 False
1 False
0 False
0 False
0 False
1 False
2 False
3 False
0 False
1 False
0 False
0 False
1 False
2 False
0 False
0 False
0 False
0 False
1 False
0 False
1 False
2 False
3 False
4 False
5 False
0 False
0 False
0 False
0 False
1 False
0 False
0 False
0 False
0 False
0 False
0 False
1 False
2 False
0 False
1 False
2 False
0 False
0 False
0 False
1 False
2 False
0 False
0 False
1 False
2 False
0 False
1 False
2 False
3 False
4 False
5 False
6 False
0 False
0 False
0 False
1 False
0 False
0 False
0 False
0 False
0 False
0 False
1 False
2 False
0 False
0 False
0 False
0 False
0 False
1 False
0 False
0 False
0 False
0 False
1 False
2 False
0 False
0 False
1 False
2 False
3 False
4 False
5 False
6 False
0 False
0 False
0 False
0 False
0 False
0 False
0 False
0 False
0 False
1 False
0 False
0 False
1 False
0 False
0 False
1 False
2 False
0 False
1 False
0 False
1 False
2 False
0 False
1 False
2 False
0 False
0 False
0 False
1 False
2 False
3 False
4 False
0 False
1 False
0 False
1 False
2 False
3 False
0 False
1 False
0 False
0 False
1 False
2 False
3 False
4 False
0 False
1 False
0 False
1 False
2 False
0 False
0 False
0 False
0 False
1 False
0 False
1 False
0 False
0 False
0 False
1 False
2 False
3 False
0 False
1 False
2 False
3 False
4 False
0 False
1 False
0 False
1 False
2 False
0 False
1 False
2 False
3 False
0 False
1 False
2 False
3 False
0 False
0 False
0 False
0 False
0 False
1 False
2 False
3 False
4 False
5 False
6 False
0 False
1 False
2 False
0 False
1 False
2 False
3 False
0 False
0 False
0 False
1 False
0 False
0 False
0 False
0 False
1 False
2 False
3 False
0 False
0 False
1 False
2 False
0 False
1 False
2 False
0 False
1 False
2 False
3 False
4 False
5 False
0 False
0 False
1 False
0 False
1 False
2 False
3 False
0 False
1 False
2 False
0 False
0 False
0 False
0 False
1 False
2 False
3 False
4 False
5 False
0 False
1 False
0 False
0 False
1 False
0 False
1 False
0 False
0 False
0 False
1 False
0 False
0 False
0 False
1 False
2 False
0 False
1 False
0 False
0 False
0 False
0 False
1 False
2 False
0 False
0 False
0 False
1 False
0 False
1 False
2 False
0 False
0 False
1 False
2 False
0 False
0 False
1 False
0 False
1 False
0 False
0 False
1 False
0 False
1 False
0 False
1 False
0 False
1 False
2 False
0 False
1 False
2 False
3 False
4 False
0 False
1 False
2 False
0 False
1 False
2 False
0 False
0 False
1 False
0 False
1 False
2 False
0 False
0 False
0 False
0 False
0 False
1 False
0 False
0 False
1 False
2 False
0 False
1 False
0 False
1 False
0 False
1 False
0 False
0 False
1 False
0 False
0 False
1 False
2 False
3 False
0 False
0 False
0 False
1 False
0 False
0 False
0 False
0 False
0 False
0 False
1 False
2 False
3 False
0 False
0 False
0 False
0 False
1 False
2 False
